2026-02-07 16:48:31,676 - API - INFO - Request: GET /api/analyze/COFORGE.NS
2026-02-07 16:48:31,677 - MainAnalysis - INFO - === AI Technical Analysis for COFORGE.NS ===
2026-02-07 16:48:31,677 - MainAnalysis - INFO - Data: 2014-01-01 -> latest | Horizon: 5d | Good if >= 2.0%

2026-02-07 16:48:31,677 - DataLoader - INFO - Fetching data for COFORGE.NS from 2014-01-01...
2026-02-07 16:48:41,869 - API - INFO - Successfully analyzed COFORGE.NS
2026-02-07 16:48:46,633 - API - INFO - Health check requested
2026-02-07 16:48:58,772 - API - INFO - Request: GET /api/analyze/TECHM.NS
2026-02-07 16:48:58,772 - MainAnalysis - INFO - === AI Technical Analysis for TECHM.NS ===
2026-02-07 16:48:58,772 - MainAnalysis - INFO - Data: 2014-01-01 -> latest | Horizon: 5d | Good if >= 2.0%

2026-02-07 16:48:58,773 - DataLoader - INFO - Fetching data for TECHM.NS from 2014-01-01...
2026-02-07 16:49:00,043 - MainAnalysis - ERROR - Error loading data: [Errno 22] Invalid argument
2026-02-07 16:49:00,043 - API - WARNING - Analysis failed for TECHM.NS: Insufficient data or symbol not found.
2026-02-07 16:49:00,043 - API - ERROR - Error in analyze-stock TECHM.NS: 404: Could not analyze TECHM.NS. Insufficient data or symbol not found.
Traceback (most recent call last):
  File "D:\Stock_Analysis\backend\api.py", line 53, in analyze_stock_endpoint
    raise HTTPException(status_code=404, detail=f"Could not analyze {ticker}. Insufficient data or symbol not found.")
fastapi.exceptions.HTTPException: 404: Could not analyze TECHM.NS. Insufficient data or symbol not found.
2026-02-07 16:53:56,438 - SectorAnalysis - INFO - === NIFTY IT Sector Analysis (Past 30 Days Trend) ===

2026-02-07 16:53:56,439 - SectorAnalysis - INFO - 
--- Analyzing TCS.NS ---
2026-02-07 16:53:56,439 - DataLoader - INFO - Fetching data for TCS.NS from 2014-01-01...
2026-02-07 16:54:04,796 - SectorAnalysis - INFO - 
--- Analyzing INFY.NS ---
2026-02-07 16:54:04,797 - DataLoader - INFO - Fetching data for INFY.NS from 2014-01-01...
2026-02-07 16:54:12,835 - SectorAnalysis - INFO - 
--- Analyzing HCLTECH.NS ---
2026-02-07 16:54:12,835 - DataLoader - INFO - Fetching data for HCLTECH.NS from 2014-01-01...
2026-02-07 16:54:22,547 - SectorAnalysis - INFO - 
--- Analyzing WIPRO.NS ---
2026-02-07 16:54:22,548 - DataLoader - INFO - Fetching data for WIPRO.NS from 2014-01-01...
2026-02-07 16:54:33,618 - SectorAnalysis - INFO - 
--- Analyzing TECHM.NS ---
2026-02-07 16:54:33,618 - DataLoader - INFO - Fetching data for TECHM.NS from 2014-01-01...
2026-02-07 16:54:43,028 - SectorAnalysis - INFO - 
--- Analyzing LTIM.NS ---
2026-02-07 16:54:43,028 - DataLoader - INFO - Fetching data for LTIM.NS from 2014-01-01...
2026-02-07 16:54:50,756 - SectorAnalysis - INFO - 
--- Analyzing COFORGE.NS ---
2026-02-07 16:54:50,756 - DataLoader - INFO - Fetching data for COFORGE.NS from 2014-01-01...
2026-02-07 16:55:00,575 - SectorAnalysis - INFO - 
--- Analyzing PERSISTENT.NS ---
2026-02-07 16:55:00,576 - DataLoader - INFO - Fetching data for PERSISTENT.NS from 2014-01-01...
2026-02-07 16:55:10,167 - SectorAnalysis - INFO - 
--- Analyzing MPHASIS.NS ---
2026-02-07 16:55:10,167 - DataLoader - INFO - Fetching data for MPHASIS.NS from 2014-01-01...
2026-02-07 16:55:20,956 - SectorAnalysis - INFO - 
--- Analyzing OFSS.NS ---
2026-02-07 16:55:20,956 - DataLoader - INFO - Fetching data for OFSS.NS from 2014-01-01...
2026-02-07 16:55:30,317 - SectorAnalysis - INFO - 
--- Analyzing LTTS.NS ---
2026-02-07 16:55:30,317 - DataLoader - INFO - Fetching data for LTTS.NS from 2014-01-01...
2026-02-07 16:55:37,505 - SectorAnalysis - INFO - 
--- Analyzing TATATECH.NS ---
2026-02-07 16:55:37,505 - DataLoader - INFO - Fetching data for TATATECH.NS from 2014-01-01...
2026-02-07 16:55:41,288 - SectorAnalysis - INFO - 
Results saved to sector_results.csv
2026-02-07 16:55:42,868 - SectorAnalysis - INFO - Visualization saved to sector_overview.png
2026-02-07 16:56:02,617 - API - INFO - Request: GET /api/sector-analysis
2026-02-07 16:56:02,617 - SectorAnalysis - INFO - === NIFTY IT Sector Analysis (Past 30 Days Trend) ===

2026-02-07 16:56:02,617 - SectorAnalysis - INFO - 
--- Analyzing TCS.NS ---
2026-02-07 16:56:02,617 - DataLoader - INFO - Fetching data for TCS.NS from 2014-01-01...
2026-02-07 16:56:03,856 - SectorAnalysis - ERROR - Error analyzing TCS.NS: [Errno 22] Invalid argument
2026-02-07 16:56:03,857 - SectorAnalysis - INFO - 
--- Analyzing INFY.NS ---
2026-02-07 16:56:03,857 - DataLoader - INFO - Fetching data for INFY.NS from 2014-01-01...
2026-02-07 16:56:04,840 - SectorAnalysis - ERROR - Error analyzing INFY.NS: [Errno 22] Invalid argument
2026-02-07 16:56:04,841 - SectorAnalysis - INFO - 
--- Analyzing HCLTECH.NS ---
2026-02-07 16:56:04,841 - DataLoader - INFO - Fetching data for HCLTECH.NS from 2014-01-01...
2026-02-07 16:56:05,784 - SectorAnalysis - ERROR - Error analyzing HCLTECH.NS: [Errno 22] Invalid argument
2026-02-07 16:56:05,784 - SectorAnalysis - INFO - 
--- Analyzing WIPRO.NS ---
2026-02-07 16:56:05,784 - DataLoader - INFO - Fetching data for WIPRO.NS from 2014-01-01...
2026-02-07 16:56:06,785 - SectorAnalysis - ERROR - Error analyzing WIPRO.NS: [Errno 22] Invalid argument
2026-02-07 16:56:06,785 - SectorAnalysis - INFO - 
--- Analyzing TECHM.NS ---
2026-02-07 16:56:06,785 - DataLoader - INFO - Fetching data for TECHM.NS from 2014-01-01...
2026-02-07 16:56:07,824 - SectorAnalysis - ERROR - Error analyzing TECHM.NS: [Errno 22] Invalid argument
2026-02-07 16:56:07,824 - SectorAnalysis - INFO - 
--- Analyzing LTIM.NS ---
2026-02-07 16:56:07,824 - DataLoader - INFO - Fetching data for LTIM.NS from 2014-01-01...
2026-02-07 16:56:08,606 - SectorAnalysis - ERROR - Error analyzing LTIM.NS: [Errno 22] Invalid argument
2026-02-07 16:56:08,606 - SectorAnalysis - INFO - 
--- Analyzing COFORGE.NS ---
2026-02-07 16:56:08,606 - DataLoader - INFO - Fetching data for COFORGE.NS from 2014-01-01...
2026-02-07 16:56:09,406 - SectorAnalysis - ERROR - Error analyzing COFORGE.NS: [Errno 22] Invalid argument
2026-02-07 16:56:09,406 - SectorAnalysis - INFO - 
--- Analyzing PERSISTENT.NS ---
2026-02-07 16:56:09,406 - DataLoader - INFO - Fetching data for PERSISTENT.NS from 2014-01-01...
2026-02-07 16:56:10,255 - SectorAnalysis - ERROR - Error analyzing PERSISTENT.NS: [Errno 22] Invalid argument
2026-02-07 16:56:10,255 - SectorAnalysis - INFO - 
--- Analyzing MPHASIS.NS ---
2026-02-07 16:56:10,255 - DataLoader - INFO - Fetching data for MPHASIS.NS from 2014-01-01...
2026-02-07 16:56:11,605 - SectorAnalysis - ERROR - Error analyzing MPHASIS.NS: [Errno 22] Invalid argument
2026-02-07 16:56:11,606 - SectorAnalysis - INFO - 
--- Analyzing OFSS.NS ---
2026-02-07 16:56:11,606 - DataLoader - INFO - Fetching data for OFSS.NS from 2014-01-01...
2026-02-07 16:56:12,475 - SectorAnalysis - ERROR - Error analyzing OFSS.NS: [Errno 22] Invalid argument
2026-02-07 16:56:12,475 - SectorAnalysis - INFO - 
--- Analyzing LTTS.NS ---
2026-02-07 16:56:12,475 - DataLoader - INFO - Fetching data for LTTS.NS from 2014-01-01...
2026-02-07 16:56:13,256 - SectorAnalysis - ERROR - Error analyzing LTTS.NS: [Errno 22] Invalid argument
2026-02-07 16:56:13,257 - SectorAnalysis - INFO - 
--- Analyzing TATATECH.NS ---
2026-02-07 16:56:13,257 - DataLoader - INFO - Fetching data for TATATECH.NS from 2014-01-01...
2026-02-07 16:56:13,892 - SectorAnalysis - ERROR - Error analyzing TATATECH.NS: [Errno 22] Invalid argument
2026-02-07 16:56:13,892 - SectorAnalysis - WARNING - No results generated.
2026-02-07 16:56:13,892 - API - INFO - Returning sector analysis for 0 stocks
2026-02-07 16:56:13,896 - API - INFO - Request: GET /api/sector-analysis
2026-02-07 16:56:13,896 - SectorAnalysis - INFO - === NIFTY IT Sector Analysis (Past 30 Days Trend) ===

2026-02-07 16:56:13,897 - SectorAnalysis - INFO - 
--- Analyzing TCS.NS ---
2026-02-07 16:56:13,897 - DataLoader - INFO - Fetching data for TCS.NS from 2014-01-01...
2026-02-07 16:56:15,257 - SectorAnalysis - ERROR - Error analyzing TCS.NS: [Errno 22] Invalid argument
2026-02-07 16:56:15,258 - SectorAnalysis - INFO - 
--- Analyzing INFY.NS ---
2026-02-07 16:56:15,258 - DataLoader - INFO - Fetching data for INFY.NS from 2014-01-01...
2026-02-07 16:56:16,180 - SectorAnalysis - ERROR - Error analyzing INFY.NS: [Errno 22] Invalid argument
2026-02-07 16:56:16,181 - SectorAnalysis - INFO - 
--- Analyzing HCLTECH.NS ---
2026-02-07 16:56:16,181 - DataLoader - INFO - Fetching data for HCLTECH.NS from 2014-01-01...
2026-02-07 16:56:17,266 - SectorAnalysis - ERROR - Error analyzing HCLTECH.NS: [Errno 22] Invalid argument
2026-02-07 16:56:17,267 - SectorAnalysis - INFO - 
--- Analyzing WIPRO.NS ---
2026-02-07 16:56:17,267 - DataLoader - INFO - Fetching data for WIPRO.NS from 2014-01-01...
2026-02-07 16:56:18,086 - SectorAnalysis - ERROR - Error analyzing WIPRO.NS: [Errno 22] Invalid argument
2026-02-07 16:56:18,086 - SectorAnalysis - INFO - 
--- Analyzing TECHM.NS ---
2026-02-07 16:56:18,086 - DataLoader - INFO - Fetching data for TECHM.NS from 2014-01-01...
2026-02-07 16:56:18,848 - SectorAnalysis - ERROR - Error analyzing TECHM.NS: [Errno 22] Invalid argument
2026-02-07 16:56:18,848 - SectorAnalysis - INFO - 
--- Analyzing LTIM.NS ---
2026-02-07 16:56:18,848 - DataLoader - INFO - Fetching data for LTIM.NS from 2014-01-01...
2026-02-07 16:56:19,934 - SectorAnalysis - ERROR - Error analyzing LTIM.NS: [Errno 22] Invalid argument
2026-02-07 16:56:19,934 - SectorAnalysis - INFO - 
--- Analyzing COFORGE.NS ---
2026-02-07 16:56:19,934 - DataLoader - INFO - Fetching data for COFORGE.NS from 2014-01-01...
2026-02-07 16:56:20,806 - SectorAnalysis - ERROR - Error analyzing COFORGE.NS: [Errno 22] Invalid argument
2026-02-07 16:56:20,806 - SectorAnalysis - INFO - 
--- Analyzing PERSISTENT.NS ---
2026-02-07 16:56:20,806 - DataLoader - INFO - Fetching data for PERSISTENT.NS from 2014-01-01...
2026-02-07 16:56:21,673 - SectorAnalysis - ERROR - Error analyzing PERSISTENT.NS: [Errno 22] Invalid argument
2026-02-07 16:56:21,673 - SectorAnalysis - INFO - 
--- Analyzing MPHASIS.NS ---
2026-02-07 16:56:21,673 - DataLoader - INFO - Fetching data for MPHASIS.NS from 2014-01-01...
2026-02-07 16:56:22,489 - SectorAnalysis - ERROR - Error analyzing MPHASIS.NS: [Errno 22] Invalid argument
2026-02-07 16:56:22,489 - SectorAnalysis - INFO - 
--- Analyzing OFSS.NS ---
2026-02-07 16:56:22,489 - DataLoader - INFO - Fetching data for OFSS.NS from 2014-01-01...
2026-02-07 16:56:23,401 - SectorAnalysis - ERROR - Error analyzing OFSS.NS: [Errno 22] Invalid argument
2026-02-07 16:56:23,402 - SectorAnalysis - INFO - 
--- Analyzing LTTS.NS ---
2026-02-07 16:56:23,402 - DataLoader - INFO - Fetching data for LTTS.NS from 2014-01-01...
2026-02-07 16:56:24,154 - SectorAnalysis - ERROR - Error analyzing LTTS.NS: [Errno 22] Invalid argument
2026-02-07 16:56:24,154 - SectorAnalysis - INFO - 
--- Analyzing TATATECH.NS ---
2026-02-07 16:56:24,154 - DataLoader - INFO - Fetching data for TATATECH.NS from 2014-01-01...
2026-02-07 16:56:24,628 - SectorAnalysis - ERROR - Error analyzing TATATECH.NS: [Errno 22] Invalid argument
2026-02-07 16:56:24,628 - SectorAnalysis - WARNING - No results generated.
2026-02-07 16:56:24,628 - API - INFO - Returning sector analysis for 0 stocks
2026-02-07 16:56:26,511 - API - INFO - Request: GET /api/sector-analysis
2026-02-07 16:56:26,511 - SectorAnalysis - INFO - === NIFTY IT Sector Analysis (Past 30 Days Trend) ===

2026-02-07 16:56:26,511 - SectorAnalysis - INFO - 
--- Analyzing TCS.NS ---
2026-02-07 16:56:26,511 - DataLoader - INFO - Fetching data for TCS.NS from 2014-01-01...
2026-02-07 16:56:27,420 - SectorAnalysis - ERROR - Error analyzing TCS.NS: [Errno 22] Invalid argument
2026-02-07 16:56:27,420 - SectorAnalysis - INFO - 
--- Analyzing INFY.NS ---
2026-02-07 16:56:27,420 - DataLoader - INFO - Fetching data for INFY.NS from 2014-01-01...
2026-02-07 16:56:28,246 - SectorAnalysis - ERROR - Error analyzing INFY.NS: [Errno 22] Invalid argument
2026-02-07 16:56:28,246 - SectorAnalysis - INFO - 
--- Analyzing HCLTECH.NS ---
2026-02-07 16:56:28,246 - DataLoader - INFO - Fetching data for HCLTECH.NS from 2014-01-01...
2026-02-07 16:56:29,363 - SectorAnalysis - ERROR - Error analyzing HCLTECH.NS: [Errno 22] Invalid argument
2026-02-07 16:56:29,363 - SectorAnalysis - INFO - 
--- Analyzing WIPRO.NS ---
2026-02-07 16:56:29,363 - DataLoader - INFO - Fetching data for WIPRO.NS from 2014-01-01...
2026-02-07 16:56:30,224 - SectorAnalysis - ERROR - Error analyzing WIPRO.NS: [Errno 22] Invalid argument
2026-02-07 16:56:30,224 - SectorAnalysis - INFO - 
--- Analyzing TECHM.NS ---
2026-02-07 16:56:30,224 - DataLoader - INFO - Fetching data for TECHM.NS from 2014-01-01...
2026-02-07 16:56:31,348 - SectorAnalysis - ERROR - Error analyzing TECHM.NS: [Errno 22] Invalid argument
2026-02-07 16:56:31,348 - SectorAnalysis - INFO - 
--- Analyzing LTIM.NS ---
2026-02-07 16:56:31,348 - DataLoader - INFO - Fetching data for LTIM.NS from 2014-01-01...
2026-02-07 16:56:32,109 - SectorAnalysis - ERROR - Error analyzing LTIM.NS: [Errno 22] Invalid argument
2026-02-07 16:56:32,109 - SectorAnalysis - INFO - 
--- Analyzing COFORGE.NS ---
2026-02-07 16:56:32,109 - DataLoader - INFO - Fetching data for COFORGE.NS from 2014-01-01...
2026-02-07 16:56:32,886 - SectorAnalysis - ERROR - Error analyzing COFORGE.NS: [Errno 22] Invalid argument
2026-02-07 16:56:32,887 - SectorAnalysis - INFO - 
--- Analyzing PERSISTENT.NS ---
2026-02-07 16:56:32,887 - DataLoader - INFO - Fetching data for PERSISTENT.NS from 2014-01-01...
2026-02-07 16:56:33,659 - SectorAnalysis - ERROR - Error analyzing PERSISTENT.NS: [Errno 22] Invalid argument
2026-02-07 16:56:33,659 - SectorAnalysis - INFO - 
--- Analyzing MPHASIS.NS ---
2026-02-07 16:56:33,659 - DataLoader - INFO - Fetching data for MPHASIS.NS from 2014-01-01...
2026-02-07 16:56:34,514 - SectorAnalysis - ERROR - Error analyzing MPHASIS.NS: [Errno 22] Invalid argument
2026-02-07 16:56:34,514 - SectorAnalysis - INFO - 
--- Analyzing OFSS.NS ---
2026-02-07 16:56:34,514 - DataLoader - INFO - Fetching data for OFSS.NS from 2014-01-01...
2026-02-07 16:56:36,461 - SectorAnalysis - ERROR - Error analyzing OFSS.NS: [Errno 22] Invalid argument
2026-02-07 16:56:36,461 - SectorAnalysis - INFO - 
--- Analyzing LTTS.NS ---
2026-02-07 16:56:36,461 - DataLoader - INFO - Fetching data for LTTS.NS from 2014-01-01...
2026-02-07 16:56:37,604 - SectorAnalysis - ERROR - Error analyzing LTTS.NS: [Errno 22] Invalid argument
2026-02-07 16:56:37,604 - SectorAnalysis - INFO - 
--- Analyzing TATATECH.NS ---
2026-02-07 16:56:37,604 - DataLoader - INFO - Fetching data for TATATECH.NS from 2014-01-01...
2026-02-07 16:56:38,166 - SectorAnalysis - ERROR - Error analyzing TATATECH.NS: [Errno 22] Invalid argument
2026-02-07 16:56:38,166 - SectorAnalysis - WARNING - No results generated.
2026-02-07 16:56:38,166 - API - INFO - Returning sector analysis for 0 stocks
2026-02-07 16:56:38,170 - API - INFO - Request: GET /api/sector-analysis
2026-02-07 16:56:38,170 - SectorAnalysis - INFO - === NIFTY IT Sector Analysis (Past 30 Days Trend) ===

2026-02-07 16:56:38,170 - SectorAnalysis - INFO - 
--- Analyzing TCS.NS ---
2026-02-07 16:56:38,170 - DataLoader - INFO - Fetching data for TCS.NS from 2014-01-01...
2026-02-07 16:56:39,019 - SectorAnalysis - ERROR - Error analyzing TCS.NS: [Errno 22] Invalid argument
2026-02-07 16:56:39,019 - SectorAnalysis - INFO - 
--- Analyzing INFY.NS ---
2026-02-07 16:56:39,019 - DataLoader - INFO - Fetching data for INFY.NS from 2014-01-01...
2026-02-07 16:56:39,874 - SectorAnalysis - ERROR - Error analyzing INFY.NS: [Errno 22] Invalid argument
2026-02-07 16:56:39,874 - SectorAnalysis - INFO - 
--- Analyzing HCLTECH.NS ---
2026-02-07 16:56:39,875 - DataLoader - INFO - Fetching data for HCLTECH.NS from 2014-01-01...
2026-02-07 16:56:40,598 - SectorAnalysis - ERROR - Error analyzing HCLTECH.NS: [Errno 22] Invalid argument
2026-02-07 16:56:40,598 - SectorAnalysis - INFO - 
--- Analyzing WIPRO.NS ---
2026-02-07 16:56:40,599 - DataLoader - INFO - Fetching data for WIPRO.NS from 2014-01-01...
2026-02-07 16:56:41,447 - SectorAnalysis - ERROR - Error analyzing WIPRO.NS: [Errno 22] Invalid argument
2026-02-07 16:56:41,447 - SectorAnalysis - INFO - 
--- Analyzing TECHM.NS ---
2026-02-07 16:56:41,447 - DataLoader - INFO - Fetching data for TECHM.NS from 2014-01-01...
2026-02-07 16:56:42,259 - SectorAnalysis - ERROR - Error analyzing TECHM.NS: [Errno 22] Invalid argument
2026-02-07 16:56:42,260 - SectorAnalysis - INFO - 
--- Analyzing LTIM.NS ---
2026-02-07 16:56:42,260 - DataLoader - INFO - Fetching data for LTIM.NS from 2014-01-01...
2026-02-07 16:56:43,071 - SectorAnalysis - ERROR - Error analyzing LTIM.NS: [Errno 22] Invalid argument
2026-02-07 16:56:43,071 - SectorAnalysis - INFO - 
--- Analyzing COFORGE.NS ---
2026-02-07 16:56:43,072 - DataLoader - INFO - Fetching data for COFORGE.NS from 2014-01-01...
2026-02-07 16:56:44,030 - SectorAnalysis - ERROR - Error analyzing COFORGE.NS: [Errno 22] Invalid argument
2026-02-07 16:56:44,030 - SectorAnalysis - INFO - 
--- Analyzing PERSISTENT.NS ---
2026-02-07 16:56:44,031 - DataLoader - INFO - Fetching data for PERSISTENT.NS from 2014-01-01...
2026-02-07 16:56:44,996 - SectorAnalysis - ERROR - Error analyzing PERSISTENT.NS: [Errno 22] Invalid argument
2026-02-07 16:56:44,996 - SectorAnalysis - INFO - 
--- Analyzing MPHASIS.NS ---
2026-02-07 16:56:44,996 - DataLoader - INFO - Fetching data for MPHASIS.NS from 2014-01-01...
2026-02-07 16:56:45,894 - SectorAnalysis - ERROR - Error analyzing MPHASIS.NS: [Errno 22] Invalid argument
2026-02-07 16:56:45,894 - SectorAnalysis - INFO - 
--- Analyzing OFSS.NS ---
2026-02-07 16:56:45,894 - DataLoader - INFO - Fetching data for OFSS.NS from 2014-01-01...
2026-02-07 16:56:47,657 - SectorAnalysis - ERROR - Error analyzing OFSS.NS: [Errno 22] Invalid argument
2026-02-07 16:56:47,657 - SectorAnalysis - INFO - 
--- Analyzing LTTS.NS ---
2026-02-07 16:56:47,657 - DataLoader - INFO - Fetching data for LTTS.NS from 2014-01-01...
2026-02-07 16:56:48,409 - SectorAnalysis - ERROR - Error analyzing LTTS.NS: [Errno 22] Invalid argument
2026-02-07 16:56:48,410 - SectorAnalysis - INFO - 
--- Analyzing TATATECH.NS ---
2026-02-07 16:56:48,410 - DataLoader - INFO - Fetching data for TATATECH.NS from 2014-01-01...
2026-02-07 16:56:49,003 - SectorAnalysis - ERROR - Error analyzing TATATECH.NS: [Errno 22] Invalid argument
2026-02-07 16:56:49,004 - SectorAnalysis - WARNING - No results generated.
2026-02-07 16:56:49,004 - API - INFO - Returning sector analysis for 0 stocks
2026-02-07 16:56:49,007 - API - INFO - Request: GET /api/sector-analysis
2026-02-07 16:56:49,007 - SectorAnalysis - INFO - === NIFTY IT Sector Analysis (Past 30 Days Trend) ===

2026-02-07 16:56:49,007 - SectorAnalysis - INFO - 
--- Analyzing TCS.NS ---
2026-02-07 16:56:49,007 - DataLoader - INFO - Fetching data for TCS.NS from 2014-01-01...
2026-02-07 16:56:49,812 - SectorAnalysis - ERROR - Error analyzing TCS.NS: [Errno 22] Invalid argument
2026-02-07 16:56:49,812 - SectorAnalysis - INFO - 
--- Analyzing INFY.NS ---
2026-02-07 16:56:49,812 - DataLoader - INFO - Fetching data for INFY.NS from 2014-01-01...
2026-02-07 16:56:50,638 - SectorAnalysis - ERROR - Error analyzing INFY.NS: [Errno 22] Invalid argument
2026-02-07 16:56:50,638 - SectorAnalysis - INFO - 
--- Analyzing HCLTECH.NS ---
2026-02-07 16:56:50,638 - DataLoader - INFO - Fetching data for HCLTECH.NS from 2014-01-01...
2026-02-07 16:56:51,257 - API - INFO - Request: GET /api/sector-analysis
2026-02-07 16:56:51,257 - SectorAnalysis - INFO - === NIFTY IT Sector Analysis (Past 30 Days Trend) ===

2026-02-07 16:56:51,258 - SectorAnalysis - INFO - 
--- Analyzing TCS.NS ---
2026-02-07 16:56:51,258 - DataLoader - INFO - Fetching data for TCS.NS from 2014-01-01...
2026-02-07 16:56:51,637 - SectorAnalysis - ERROR - Error analyzing TCS.NS: [Errno 22] Invalid argument
2026-02-07 16:56:51,638 - SectorAnalysis - ERROR - Error analyzing HCLTECH.NS: [Errno 22] Invalid argument
2026-02-07 16:56:51,638 - SectorAnalysis - INFO - 
--- Analyzing INFY.NS ---
2026-02-07 16:56:51,639 - SectorAnalysis - INFO - 
--- Analyzing WIPRO.NS ---
2026-02-07 16:56:51,639 - DataLoader - INFO - Fetching data for WIPRO.NS from 2014-01-01...
2026-02-07 16:56:51,641 - DataLoader - INFO - Fetching data for INFY.NS from 2014-01-01...
2026-02-07 16:56:52,300 - SectorAnalysis - ERROR - Error analyzing WIPRO.NS: [Errno 22] Invalid argument
2026-02-07 16:56:52,300 - SectorAnalysis - ERROR - Error analyzing INFY.NS: [Errno 22] Invalid argument
2026-02-07 16:56:52,301 - SectorAnalysis - INFO - 
--- Analyzing HCLTECH.NS ---
2026-02-07 16:56:52,301 - SectorAnalysis - INFO - 
--- Analyzing TECHM.NS ---
2026-02-07 16:56:52,301 - DataLoader - INFO - Fetching data for HCLTECH.NS from 2014-01-01...
2026-02-07 16:56:52,301 - DataLoader - INFO - Fetching data for TECHM.NS from 2014-01-01...
2026-02-07 16:56:52,443 - SectorAnalysis - ERROR - Error analyzing TECHM.NS: [Errno 22] Invalid argument
2026-02-07 16:56:52,452 - SectorAnalysis - ERROR - Error analyzing HCLTECH.NS: [Errno 22] Invalid argument
2026-02-07 16:56:52,452 - SectorAnalysis - INFO - 
--- Analyzing LTIM.NS ---
2026-02-07 16:56:52,476 - SectorAnalysis - INFO - 
--- Analyzing WIPRO.NS ---
2026-02-07 16:56:52,500 - DataLoader - INFO - Fetching data for LTIM.NS from 2014-01-01...
2026-02-07 16:56:52,501 - DataLoader - INFO - Fetching data for WIPRO.NS from 2014-01-01...
2026-02-07 16:56:52,515 - SectorAnalysis - ERROR - Error analyzing LTIM.NS: [Errno 22] Invalid argument
2026-02-07 16:56:52,515 - SectorAnalysis - INFO - 
--- Analyzing COFORGE.NS ---
2026-02-07 16:56:52,516 - DataLoader - INFO - Fetching data for COFORGE.NS from 2014-01-01...
2026-02-07 16:56:53,470 - SectorAnalysis - ERROR - Error analyzing COFORGE.NS: [Errno 22] Invalid argument
2026-02-07 16:56:53,479 - SectorAnalysis - ERROR - Error analyzing WIPRO.NS: [Errno 22] Invalid argument
2026-02-07 16:56:53,504 - SectorAnalysis - INFO - 
--- Analyzing PERSISTENT.NS ---
2026-02-07 16:56:53,526 - DataLoader - INFO - Fetching data for PERSISTENT.NS from 2014-01-01...
2026-02-07 16:56:53,529 - SectorAnalysis - INFO - 
--- Analyzing TECHM.NS ---
2026-02-07 16:56:53,532 - DataLoader - INFO - Fetching data for TECHM.NS from 2014-01-01...
2026-02-07 16:56:53,595 - SectorAnalysis - ERROR - Error analyzing TECHM.NS: [Errno 22] Invalid argument
2026-02-07 16:56:53,601 - SectorAnalysis - ERROR - Error analyzing PERSISTENT.NS: [Errno 22] Invalid argument
2026-02-07 16:56:53,604 - SectorAnalysis - INFO - 
--- Analyzing MPHASIS.NS ---
2026-02-07 16:56:53,609 - DataLoader - INFO - Fetching data for MPHASIS.NS from 2014-01-01...
2026-02-07 16:56:53,603 - SectorAnalysis - INFO - 
--- Analyzing LTIM.NS ---
2026-02-07 16:56:53,615 - DataLoader - INFO - Fetching data for LTIM.NS from 2014-01-01...
2026-02-07 16:56:53,632 - SectorAnalysis - ERROR - Error analyzing MPHASIS.NS: [Errno 22] Invalid argument
2026-02-07 16:56:53,632 - SectorAnalysis - INFO - 
--- Analyzing OFSS.NS ---
2026-02-07 16:56:53,632 - DataLoader - INFO - Fetching data for OFSS.NS from 2014-01-01...
2026-02-07 16:56:53,633 - SectorAnalysis - ERROR - Error analyzing LTIM.NS: [Errno 22] Invalid argument
2026-02-07 16:56:53,633 - SectorAnalysis - INFO - 
--- Analyzing COFORGE.NS ---
2026-02-07 16:56:53,633 - DataLoader - INFO - Fetching data for COFORGE.NS from 2014-01-01...
2026-02-07 16:56:54,507 - SectorAnalysis - ERROR - Error analyzing COFORGE.NS: [Errno 22] Invalid argument
2026-02-07 16:56:54,516 - SectorAnalysis - ERROR - Error analyzing OFSS.NS: [Errno 22] Invalid argument
2026-02-07 16:56:54,532 - SectorAnalysis - INFO - 
--- Analyzing PERSISTENT.NS ---
2026-02-07 16:56:54,534 - SectorAnalysis - INFO - 
--- Analyzing LTTS.NS ---
2026-02-07 16:56:54,535 - DataLoader - INFO - Fetching data for PERSISTENT.NS from 2014-01-01...
2026-02-07 16:56:54,541 - DataLoader - INFO - Fetching data for LTTS.NS from 2014-01-01...
2026-02-07 16:56:54,573 - SectorAnalysis - ERROR - Error analyzing PERSISTENT.NS: [Errno 22] Invalid argument
2026-02-07 16:56:54,573 - SectorAnalysis - ERROR - Error analyzing LTTS.NS: [Errno 22] Invalid argument
2026-02-07 16:56:54,574 - SectorAnalysis - INFO - 
--- Analyzing MPHASIS.NS ---
2026-02-07 16:56:54,574 - SectorAnalysis - INFO - 
--- Analyzing TATATECH.NS ---
2026-02-07 16:56:54,574 - DataLoader - INFO - Fetching data for MPHASIS.NS from 2014-01-01...
2026-02-07 16:56:54,574 - DataLoader - INFO - Fetching data for TATATECH.NS from 2014-01-01...
2026-02-07 16:56:54,686 - SectorAnalysis - ERROR - Error analyzing TATATECH.NS: [Errno 22] Invalid argument
2026-02-07 16:56:54,686 - SectorAnalysis - ERROR - Error analyzing MPHASIS.NS: [Errno 22] Invalid argument
2026-02-07 16:56:54,686 - SectorAnalysis - WARNING - No results generated.
2026-02-07 16:56:54,686 - SectorAnalysis - INFO - 
--- Analyzing OFSS.NS ---
2026-02-07 16:56:54,687 - API - INFO - Returning sector analysis for 0 stocks
2026-02-07 16:56:54,687 - DataLoader - INFO - Fetching data for OFSS.NS from 2014-01-01...
2026-02-07 16:56:55,534 - SectorAnalysis - ERROR - Error analyzing OFSS.NS: [Errno 22] Invalid argument
2026-02-07 16:56:55,547 - SectorAnalysis - INFO - 
--- Analyzing LTTS.NS ---
2026-02-07 16:56:55,588 - DataLoader - INFO - Fetching data for LTTS.NS from 2014-01-01...
2026-02-07 16:56:55,670 - SectorAnalysis - ERROR - Error analyzing LTTS.NS: [Errno 22] Invalid argument
2026-02-07 16:56:55,670 - SectorAnalysis - INFO - 
--- Analyzing TATATECH.NS ---
2026-02-07 16:56:55,670 - DataLoader - INFO - Fetching data for TATATECH.NS from 2014-01-01...
2026-02-07 16:56:55,692 - SectorAnalysis - ERROR - Error analyzing TATATECH.NS: [Errno 22] Invalid argument
2026-02-07 16:56:55,692 - SectorAnalysis - WARNING - No results generated.
2026-02-07 16:56:55,702 - API - INFO - Returning sector analysis for 0 stocks
2026-02-07 16:57:45,074 - API - INFO - Request: GET /api/sector-analysis
2026-02-07 16:57:45,075 - SectorAnalysis - INFO - === NIFTY IT Sector Analysis (Past 30 Days Trend) ===

2026-02-07 16:57:45,075 - SectorAnalysis - INFO - 
--- Analyzing TCS.NS ---
2026-02-07 16:57:45,075 - DataLoader - INFO - Fetching data for TCS.NS from 2014-01-01...
2026-02-07 16:57:45,809 - SectorAnalysis - ERROR - Error analyzing TCS.NS: [Errno 22] Invalid argument
2026-02-07 16:57:45,810 - SectorAnalysis - INFO - 
--- Analyzing INFY.NS ---
2026-02-07 16:57:45,810 - DataLoader - INFO - Fetching data for INFY.NS from 2014-01-01...
2026-02-07 16:57:46,880 - SectorAnalysis - ERROR - Error analyzing INFY.NS: [Errno 22] Invalid argument
2026-02-07 16:57:46,880 - SectorAnalysis - INFO - 
--- Analyzing HCLTECH.NS ---
2026-02-07 16:57:46,880 - DataLoader - INFO - Fetching data for HCLTECH.NS from 2014-01-01...
2026-02-07 16:57:47,554 - SectorAnalysis - ERROR - Error analyzing HCLTECH.NS: [Errno 22] Invalid argument
2026-02-07 16:57:49,278 - SectorAnalysis - INFO - 
--- Analyzing WIPRO.NS ---
2026-02-07 16:57:49,279 - DataLoader - INFO - Fetching data for WIPRO.NS from 2014-01-01...
2026-02-07 16:57:50,020 - SectorAnalysis - ERROR - Error analyzing WIPRO.NS: [Errno 22] Invalid argument
2026-02-07 16:57:50,020 - SectorAnalysis - INFO - 
--- Analyzing TECHM.NS ---
2026-02-07 16:57:50,020 - DataLoader - INFO - Fetching data for TECHM.NS from 2014-01-01...
2026-02-07 16:57:50,696 - SectorAnalysis - ERROR - Error analyzing TECHM.NS: [Errno 22] Invalid argument
2026-02-07 16:57:50,696 - SectorAnalysis - INFO - 
--- Analyzing LTIM.NS ---
2026-02-07 16:57:50,696 - DataLoader - INFO - Fetching data for LTIM.NS from 2014-01-01...
2026-02-07 16:57:51,365 - SectorAnalysis - ERROR - Error analyzing LTIM.NS: [Errno 22] Invalid argument
2026-02-07 16:57:51,365 - SectorAnalysis - INFO - 
--- Analyzing COFORGE.NS ---
2026-02-07 16:57:51,365 - DataLoader - INFO - Fetching data for COFORGE.NS from 2014-01-01...
2026-02-07 16:57:52,370 - SectorAnalysis - ERROR - Error analyzing COFORGE.NS: [Errno 22] Invalid argument
2026-02-07 16:57:52,370 - SectorAnalysis - INFO - 
--- Analyzing PERSISTENT.NS ---
2026-02-07 16:57:52,370 - DataLoader - INFO - Fetching data for PERSISTENT.NS from 2014-01-01...
2026-02-07 16:57:53,095 - SectorAnalysis - ERROR - Error analyzing PERSISTENT.NS: [Errno 22] Invalid argument
2026-02-07 16:57:53,096 - SectorAnalysis - INFO - 
--- Analyzing MPHASIS.NS ---
2026-02-07 16:57:53,096 - DataLoader - INFO - Fetching data for MPHASIS.NS from 2014-01-01...
2026-02-07 16:57:53,808 - SectorAnalysis - ERROR - Error analyzing MPHASIS.NS: [Errno 22] Invalid argument
2026-02-07 16:57:53,808 - SectorAnalysis - INFO - 
--- Analyzing OFSS.NS ---
2026-02-07 16:57:53,808 - DataLoader - INFO - Fetching data for OFSS.NS from 2014-01-01...
2026-02-07 16:57:54,419 - SectorAnalysis - ERROR - Error analyzing OFSS.NS: [Errno 22] Invalid argument
2026-02-07 16:57:54,420 - SectorAnalysis - INFO - 
--- Analyzing LTTS.NS ---
2026-02-07 16:57:54,420 - DataLoader - INFO - Fetching data for LTTS.NS from 2014-01-01...
2026-02-07 16:57:55,123 - SectorAnalysis - ERROR - Error analyzing LTTS.NS: [Errno 22] Invalid argument
2026-02-07 16:57:55,123 - SectorAnalysis - INFO - 
--- Analyzing TATATECH.NS ---
2026-02-07 16:57:55,124 - DataLoader - INFO - Fetching data for TATATECH.NS from 2014-01-01...
2026-02-07 16:57:55,559 - SectorAnalysis - ERROR - Error analyzing TATATECH.NS: [Errno 22] Invalid argument
2026-02-07 16:57:55,559 - SectorAnalysis - WARNING - No results generated.
2026-02-07 16:57:55,559 - API - INFO - Returning sector analysis for 0 stocks
2026-02-07 16:57:55,563 - API - INFO - Request: GET /api/sector-analysis
2026-02-07 16:57:55,563 - SectorAnalysis - INFO - === NIFTY IT Sector Analysis (Past 30 Days Trend) ===

2026-02-07 16:57:55,564 - SectorAnalysis - INFO - 
--- Analyzing TCS.NS ---
2026-02-07 16:57:55,564 - DataLoader - INFO - Fetching data for TCS.NS from 2014-01-01...
2026-02-07 16:57:56,140 - SectorAnalysis - ERROR - Error analyzing TCS.NS: [Errno 22] Invalid argument
2026-02-07 16:57:56,140 - SectorAnalysis - INFO - 
--- Analyzing INFY.NS ---
2026-02-07 16:57:56,140 - DataLoader - INFO - Fetching data for INFY.NS from 2014-01-01...
2026-02-07 16:57:56,811 - SectorAnalysis - ERROR - Error analyzing INFY.NS: [Errno 22] Invalid argument
2026-02-07 16:57:56,812 - SectorAnalysis - INFO - 
--- Analyzing HCLTECH.NS ---
2026-02-07 16:57:56,812 - DataLoader - INFO - Fetching data for HCLTECH.NS from 2014-01-01...
2026-02-07 16:57:57,356 - SectorAnalysis - ERROR - Error analyzing HCLTECH.NS: [Errno 22] Invalid argument
2026-02-07 16:57:57,357 - SectorAnalysis - INFO - 
--- Analyzing WIPRO.NS ---
2026-02-07 16:57:57,357 - DataLoader - INFO - Fetching data for WIPRO.NS from 2014-01-01...
2026-02-07 16:57:57,985 - SectorAnalysis - ERROR - Error analyzing WIPRO.NS: [Errno 22] Invalid argument
2026-02-07 16:57:57,985 - SectorAnalysis - INFO - 
--- Analyzing TECHM.NS ---
2026-02-07 16:57:57,985 - DataLoader - INFO - Fetching data for TECHM.NS from 2014-01-01...
2026-02-07 16:57:58,852 - SectorAnalysis - ERROR - Error analyzing TECHM.NS: [Errno 22] Invalid argument
2026-02-07 16:57:58,852 - SectorAnalysis - INFO - 
--- Analyzing LTIM.NS ---
2026-02-07 16:57:58,852 - DataLoader - INFO - Fetching data for LTIM.NS from 2014-01-01...
2026-02-07 16:57:59,411 - SectorAnalysis - ERROR - Error analyzing LTIM.NS: [Errno 22] Invalid argument
2026-02-07 16:57:59,411 - SectorAnalysis - INFO - 
--- Analyzing COFORGE.NS ---
2026-02-07 16:57:59,411 - DataLoader - INFO - Fetching data for COFORGE.NS from 2014-01-01...
2026-02-07 16:58:00,308 - SectorAnalysis - ERROR - Error analyzing COFORGE.NS: [Errno 22] Invalid argument
2026-02-07 16:58:00,308 - SectorAnalysis - INFO - 
--- Analyzing PERSISTENT.NS ---
2026-02-07 16:58:00,309 - DataLoader - INFO - Fetching data for PERSISTENT.NS from 2014-01-01...
2026-02-07 16:58:00,929 - SectorAnalysis - ERROR - Error analyzing PERSISTENT.NS: [Errno 22] Invalid argument
2026-02-07 16:58:00,929 - SectorAnalysis - INFO - 
--- Analyzing MPHASIS.NS ---
2026-02-07 16:58:00,929 - DataLoader - INFO - Fetching data for MPHASIS.NS from 2014-01-01...
2026-02-07 16:58:01,654 - SectorAnalysis - ERROR - Error analyzing MPHASIS.NS: [Errno 22] Invalid argument
2026-02-07 16:58:01,654 - SectorAnalysis - INFO - 
--- Analyzing OFSS.NS ---
2026-02-07 16:58:01,655 - DataLoader - INFO - Fetching data for OFSS.NS from 2014-01-01...
2026-02-07 16:58:02,362 - SectorAnalysis - ERROR - Error analyzing OFSS.NS: [Errno 22] Invalid argument
2026-02-07 16:58:02,362 - SectorAnalysis - INFO - 
--- Analyzing LTTS.NS ---
2026-02-07 16:58:02,362 - DataLoader - INFO - Fetching data for LTTS.NS from 2014-01-01...
2026-02-07 16:58:02,997 - SectorAnalysis - ERROR - Error analyzing LTTS.NS: [Errno 22] Invalid argument
2026-02-07 16:58:02,997 - SectorAnalysis - INFO - 
--- Analyzing TATATECH.NS ---
2026-02-07 16:58:02,997 - DataLoader - INFO - Fetching data for TATATECH.NS from 2014-01-01...
2026-02-07 16:58:03,383 - SectorAnalysis - ERROR - Error analyzing TATATECH.NS: [Errno 22] Invalid argument
2026-02-07 16:58:03,384 - SectorAnalysis - WARNING - No results generated.
2026-02-07 16:58:03,384 - API - INFO - Returning sector analysis for 0 stocks
2026-02-08 10:35:46,089 - MainAnalysis - INFO - === AI Technical Analysis for TCS.BO ===
2026-02-08 10:35:46,175 - MainAnalysis - INFO - Data: 2014-01-01 -> latest | Horizon: 5d | Good if >= 2.0%

2026-02-08 10:35:46,176 - DataLoader - INFO - Fetching data for TCS.BO from 2014-01-01...
2026-02-08 10:36:08,915 - SectorAnalysis - INFO - === NIFTY IT Sector Analysis (Past 30 Days Trend) ===

2026-02-08 10:36:08,916 - SectorAnalysis - INFO - 
--- Analyzing TCS.NS ---
2026-02-08 10:36:08,916 - DataLoader - INFO - Fetching data for TCS.NS from 2014-01-01...
2026-02-08 10:36:18,342 - SectorAnalysis - INFO - 
--- Analyzing INFY.NS ---
2026-02-08 10:36:18,342 - DataLoader - INFO - Fetching data for INFY.NS from 2014-01-01...
2026-02-08 10:36:27,685 - SectorAnalysis - INFO - 
--- Analyzing HCLTECH.NS ---
2026-02-08 10:36:27,686 - DataLoader - INFO - Fetching data for HCLTECH.NS from 2014-01-01...
2026-02-08 10:36:38,103 - SectorAnalysis - INFO - 
--- Analyzing WIPRO.NS ---
2026-02-08 10:36:38,103 - DataLoader - INFO - Fetching data for WIPRO.NS from 2014-01-01...
2026-02-08 10:36:54,432 - SectorAnalysis - INFO - 
--- Analyzing TECHM.NS ---
2026-02-08 10:36:54,432 - DataLoader - INFO - Fetching data for TECHM.NS from 2014-01-01...
2026-02-08 10:37:05,454 - SectorAnalysis - INFO - 
--- Analyzing LTIM.NS ---
2026-02-08 10:37:05,455 - DataLoader - INFO - Fetching data for LTIM.NS from 2014-01-01...
2026-02-08 10:37:12,208 - SectorAnalysis - INFO - 
--- Analyzing COFORGE.NS ---
2026-02-08 10:37:12,209 - DataLoader - INFO - Fetching data for COFORGE.NS from 2014-01-01...
2026-02-08 10:37:20,649 - SectorAnalysis - INFO - 
--- Analyzing PERSISTENT.NS ---
2026-02-08 10:37:20,649 - DataLoader - INFO - Fetching data for PERSISTENT.NS from 2014-01-01...
2026-02-08 10:37:27,965 - SectorAnalysis - INFO - 
--- Analyzing MPHASIS.NS ---
2026-02-08 10:37:27,965 - DataLoader - INFO - Fetching data for MPHASIS.NS from 2014-01-01...
2026-02-08 10:37:35,697 - SectorAnalysis - INFO - 
--- Analyzing OFSS.NS ---
2026-02-08 10:37:35,697 - DataLoader - INFO - Fetching data for OFSS.NS from 2014-01-01...
2026-02-08 10:37:44,175 - SectorAnalysis - INFO - 
--- Analyzing LTTS.NS ---
2026-02-08 10:37:44,175 - DataLoader - INFO - Fetching data for LTTS.NS from 2014-01-01...
2026-02-08 10:37:51,616 - SectorAnalysis - INFO - 
--- Analyzing TATATECH.NS ---
2026-02-08 10:37:51,616 - DataLoader - INFO - Fetching data for TATATECH.NS from 2014-01-01...
2026-02-08 10:37:55,141 - SectorAnalysis - INFO - 
Results saved to sector_results.csv
2026-02-08 10:37:59,053 - SectorAnalysis - INFO - Visualization saved to sector_overview.png
2026-02-08 10:40:30,607 - MainAnalysis - INFO - === AI Technical Analysis for TCS.BO ===
2026-02-08 10:40:30,607 - MainAnalysis - INFO - Data: 2014-01-01 -> latest | Horizon: 5d | Good if >= 2.0%

2026-02-08 10:40:30,607 - DataProviders - INFO - Fetching data for TCS.BO from 2014-01-01 using yfinance...
2026-02-08 10:40:46,955 - SectorAnalysis - INFO - === NIFTY IT Sector Analysis (Past 30 Days Trend) ===

2026-02-08 10:40:46,956 - SectorAnalysis - INFO - 
--- Analyzing TCS.NS ---
2026-02-08 10:40:46,956 - DataProviders - INFO - Fetching data for TCS.NS from 2014-01-01 using yfinance...
2026-02-08 10:40:55,635 - SectorAnalysis - INFO - 
--- Analyzing INFY.NS ---
2026-02-08 10:40:55,635 - DataProviders - INFO - Fetching data for INFY.NS from 2014-01-01 using yfinance...
2026-02-08 10:41:04,876 - SectorAnalysis - INFO - 
--- Analyzing HCLTECH.NS ---
2026-02-08 10:41:04,876 - DataProviders - INFO - Fetching data for HCLTECH.NS from 2014-01-01 using yfinance...
2026-02-08 10:41:13,409 - SectorAnalysis - INFO - 
--- Analyzing WIPRO.NS ---
2026-02-08 10:41:13,409 - DataProviders - INFO - Fetching data for WIPRO.NS from 2014-01-01 using yfinance...
2026-02-08 10:41:21,531 - SectorAnalysis - INFO - 
--- Analyzing TECHM.NS ---
2026-02-08 10:41:21,531 - DataProviders - INFO - Fetching data for TECHM.NS from 2014-01-01 using yfinance...
2026-02-08 10:41:30,061 - SectorAnalysis - INFO - 
--- Analyzing LTIM.NS ---
2026-02-08 10:41:30,061 - DataProviders - INFO - Fetching data for LTIM.NS from 2014-01-01 using yfinance...
2026-02-08 10:41:40,238 - SectorAnalysis - INFO - 
--- Analyzing COFORGE.NS ---
2026-02-08 10:41:40,238 - DataProviders - INFO - Fetching data for COFORGE.NS from 2014-01-01 using yfinance...
2026-02-08 10:41:50,133 - SectorAnalysis - INFO - 
--- Analyzing PERSISTENT.NS ---
2026-02-08 10:41:50,133 - DataProviders - INFO - Fetching data for PERSISTENT.NS from 2014-01-01 using yfinance...
2026-02-08 10:41:58,396 - SectorAnalysis - INFO - 
--- Analyzing MPHASIS.NS ---
2026-02-08 10:41:58,397 - DataProviders - INFO - Fetching data for MPHASIS.NS from 2014-01-01 using yfinance...
2026-02-08 10:42:06,403 - SectorAnalysis - INFO - 
--- Analyzing OFSS.NS ---
2026-02-08 10:42:06,403 - DataProviders - INFO - Fetching data for OFSS.NS from 2014-01-01 using yfinance...
2026-02-08 10:42:13,977 - SectorAnalysis - INFO - 
--- Analyzing LTTS.NS ---
2026-02-08 10:42:13,977 - DataProviders - INFO - Fetching data for LTTS.NS from 2014-01-01 using yfinance...
2026-02-08 10:42:20,276 - SectorAnalysis - INFO - 
--- Analyzing TATATECH.NS ---
2026-02-08 10:42:20,276 - DataProviders - INFO - Fetching data for TATATECH.NS from 2014-01-01 using yfinance...
2026-02-08 10:42:23,788 - SectorAnalysis - INFO - 
Results saved to sector_results.csv
2026-02-08 10:42:25,258 - SectorAnalysis - INFO - Visualization saved to sector_overview.png
2026-02-08 10:49:10,943 - DataProviders - INFO - Fetching data for TEST from 2023-01-01 using yfinance...
2026-02-08 10:49:10,944 - DataProviders - WARNING - No data found for TEST from 2023-01-01
2026-02-08 10:49:10,944 - DataProviders - INFO - Fetching data for TEST from 2023-01-01 using yfinance...
2026-02-08 10:49:10,945 - DataProviders - ERROR - Error fetching data for TEST using yfinance: Network error
2026-02-08 10:49:10,947 - DataProviders - INFO - Fetching data for TEST from 2023-01-01 using yfinance...
2026-02-08 10:56:21,209 - API - INFO - Request: GET /api/sector-analysis
2026-02-08 10:56:21,209 - SectorAnalysis - INFO - === NIFTY IT Sector Analysis (Past 30 Days Trend) ===

2026-02-08 10:56:21,210 - SectorAnalysis - INFO - 
--- Analyzing TCS.NS ---
2026-02-08 10:56:21,210 - DataProviders - INFO - Fetching data for TCS.NS from 2014-01-01 using yfinance...
2026-02-08 10:56:33,765 - SectorAnalysis - INFO - 
--- Analyzing INFY.NS ---
2026-02-08 10:56:33,765 - DataProviders - INFO - Fetching data for INFY.NS from 2014-01-01 using yfinance...
2026-02-08 10:56:40,891 - API - INFO - Request: GET /api/sector-analysis
2026-02-08 10:56:40,891 - SectorAnalysis - INFO - === NIFTY IT Sector Analysis (Past 30 Days Trend) ===

2026-02-08 10:56:40,891 - SectorAnalysis - INFO - 
--- Analyzing TCS.NS ---
2026-02-08 10:56:40,892 - DataProviders - INFO - Fetching data for TCS.NS from 2014-01-01 using yfinance...
2026-02-08 10:56:41,311 - SectorAnalysis - INFO - 
--- Analyzing HCLTECH.NS ---
2026-02-08 10:56:41,311 - DataProviders - INFO - Fetching data for HCLTECH.NS from 2014-01-01 using yfinance...
2026-02-08 10:56:51,670 - SectorAnalysis - INFO - 
--- Analyzing WIPRO.NS ---
2026-02-08 10:56:51,687 - DataProviders - INFO - Fetching data for WIPRO.NS from 2014-01-01 using yfinance...
2026-02-08 10:56:51,731 - SectorAnalysis - INFO - 
--- Analyzing INFY.NS ---
2026-02-08 10:56:51,731 - DataProviders - INFO - Fetching data for INFY.NS from 2014-01-01 using yfinance...
2026-02-08 10:56:52,657 - SectorAnalysis - ERROR - Error analyzing INFY.NS: Cannot set a DataFrame with multiple columns to the single column SMA_20
2026-02-08 10:56:52,657 - SectorAnalysis - INFO - 
--- Analyzing HCLTECH.NS ---
2026-02-08 10:56:52,658 - SectorAnalysis - ERROR - Error analyzing WIPRO.NS: Cannot set a DataFrame with multiple columns to the single column SMA_20
2026-02-08 10:56:52,659 - DataProviders - INFO - Fetching data for HCLTECH.NS from 2014-01-01 using yfinance...
2026-02-08 10:56:52,662 - SectorAnalysis - INFO - 
--- Analyzing TECHM.NS ---
2026-02-08 10:56:52,664 - DataProviders - INFO - Fetching data for TECHM.NS from 2014-01-01 using yfinance...
2026-02-08 10:57:03,663 - SectorAnalysis - INFO - 
--- Analyzing WIPRO.NS ---
2026-02-08 10:57:03,666 - DataProviders - INFO - Fetching data for WIPRO.NS from 2014-01-01 using yfinance...
2026-02-08 10:57:03,702 - SectorAnalysis - INFO - 
--- Analyzing LTIM.NS ---
2026-02-08 10:57:03,703 - DataProviders - INFO - Fetching data for LTIM.NS from 2014-01-01 using yfinance...
2026-02-08 10:57:13,759 - SectorAnalysis - INFO - 
--- Analyzing COFORGE.NS ---
2026-02-08 10:57:13,790 - DataProviders - INFO - Fetching data for COFORGE.NS from 2014-01-01 using yfinance...
2026-02-08 10:57:13,800 - SectorAnalysis - INFO - 
--- Analyzing TECHM.NS ---
2026-02-08 10:57:13,801 - DataProviders - INFO - Fetching data for TECHM.NS from 2014-01-01 using yfinance...
2026-02-08 10:57:24,365 - SectorAnalysis - INFO - 
--- Analyzing LTIM.NS ---
2026-02-08 10:57:24,366 - DataProviders - INFO - Fetching data for LTIM.NS from 2014-01-01 using yfinance...
2026-02-08 10:57:24,475 - SectorAnalysis - INFO - 
--- Analyzing PERSISTENT.NS ---
2026-02-08 10:57:24,475 - DataProviders - INFO - Fetching data for PERSISTENT.NS from 2014-01-01 using yfinance...
2026-02-08 10:57:33,205 - SectorAnalysis - INFO - 
--- Analyzing COFORGE.NS ---
2026-02-08 10:57:33,211 - DataProviders - INFO - Fetching data for COFORGE.NS from 2014-01-01 using yfinance...
2026-02-08 10:57:33,319 - SectorAnalysis - INFO - 
--- Analyzing MPHASIS.NS ---
2026-02-08 10:57:33,319 - DataProviders - INFO - Fetching data for MPHASIS.NS from 2014-01-01 using yfinance...
2026-02-08 10:57:45,067 - SectorAnalysis - INFO - 
--- Analyzing OFSS.NS ---
2026-02-08 10:57:45,071 - DataProviders - INFO - Fetching data for OFSS.NS from 2014-01-01 using yfinance...
2026-02-08 10:57:45,093 - SectorAnalysis - INFO - 
--- Analyzing PERSISTENT.NS ---
2026-02-08 10:57:45,093 - DataProviders - INFO - Fetching data for PERSISTENT.NS from 2014-01-01 using yfinance...
2026-02-08 13:35:55,452 - TrainSectorModel - INFO - Preparing training data...
2026-02-08 13:35:55,460 - TrainSectorModel - INFO - Fetching data from 2016-02-11 for 12 stocks...
2026-02-08 13:35:55,460 - DataProviders - INFO - Fetching data for TCS.NS from 2016-02-11 using yfinance...
2026-02-08 13:36:02,432 - TrainSectorModel - INFO - Processed TCS.NS: 2419 samples
2026-02-08 13:36:02,432 - DataProviders - INFO - Fetching data for INFY.NS from 2016-02-11 using yfinance...
2026-02-08 13:36:03,254 - TrainSectorModel - INFO - Processed INFY.NS: 2419 samples
2026-02-08 13:36:03,255 - DataProviders - INFO - Fetching data for HCLTECH.NS from 2016-02-11 using yfinance...
2026-02-08 13:36:04,773 - TrainSectorModel - INFO - Processed HCLTECH.NS: 2419 samples
2026-02-08 13:36:04,773 - DataProviders - INFO - Fetching data for WIPRO.NS from 2016-02-11 using yfinance...
2026-02-08 13:36:05,617 - TrainSectorModel - INFO - Processed WIPRO.NS: 2419 samples
2026-02-08 13:36:05,620 - DataProviders - INFO - Fetching data for TECHM.NS from 2016-02-11 using yfinance...
2026-02-08 13:36:06,335 - TrainSectorModel - INFO - Processed TECHM.NS: 2419 samples
2026-02-08 13:36:06,335 - DataProviders - INFO - Fetching data for LTIM.NS from 2016-02-11 using yfinance...
2026-02-08 13:36:07,362 - TrainSectorModel - INFO - Processed LTIM.NS: 2311 samples
2026-02-08 13:36:07,362 - DataProviders - INFO - Fetching data for COFORGE.NS from 2016-02-11 using yfinance...
2026-02-08 13:36:08,627 - TrainSectorModel - INFO - Processed COFORGE.NS: 2419 samples
2026-02-08 13:36:08,627 - DataProviders - INFO - Fetching data for PERSISTENT.NS from 2016-02-11 using yfinance...
2026-02-08 13:36:09,399 - TrainSectorModel - INFO - Processed PERSISTENT.NS: 2419 samples
2026-02-08 13:36:09,399 - DataProviders - INFO - Fetching data for MPHASIS.NS from 2016-02-11 using yfinance...
2026-02-08 13:36:10,093 - TrainSectorModel - INFO - Processed MPHASIS.NS: 2419 samples
2026-02-08 13:36:10,093 - DataProviders - INFO - Fetching data for OFSS.NS from 2016-02-11 using yfinance...
2026-02-08 13:36:10,832 - TrainSectorModel - INFO - Processed OFSS.NS: 2419 samples
2026-02-08 13:36:10,832 - DataProviders - INFO - Fetching data for LTTS.NS from 2016-02-11 using yfinance...
2026-02-08 13:36:11,668 - TrainSectorModel - INFO - Processed LTTS.NS: 2268 samples
2026-02-08 13:36:11,668 - DataProviders - INFO - Fetching data for TATATECH.NS from 2016-02-11 using yfinance...
2026-02-08 13:36:12,271 - TrainSectorModel - INFO - Processed TATATECH.NS: 488 samples
2026-02-08 13:36:12,275 - TrainSectorModel - INFO - Training on 26838 total samples with 7 features.
2026-02-08 13:36:22,304 - TrainSectorModel - INFO - Model training complete.
2026-02-08 13:36:22,913 - TrainSectorModel - INFO - Model saved to models/sector_model.joblib
2026-02-08 13:36:36,551 - PredictSector - INFO - Fetching latest data for prediction (Horizon: 20 days)...
2026-02-08 13:36:36,563 - DataProviders - INFO - Fetching data for TCS.NS from 2016-02-11 using yfinance...
2026-02-08 13:36:39,062 - PredictSector - INFO - TCS.NS: NOT GOOD (Conf: 11.00%)
2026-02-08 13:36:39,063 - DataProviders - INFO - Fetching data for INFY.NS from 2016-02-11 using yfinance...
2026-02-08 13:36:39,936 - PredictSector - INFO - INFY.NS: NOT GOOD (Conf: 3.50%)
2026-02-08 13:36:39,936 - DataProviders - INFO - Fetching data for HCLTECH.NS from 2016-02-11 using yfinance...
2026-02-08 13:36:41,976 - PredictSector - INFO - HCLTECH.NS: NOT GOOD (Conf: 14.00%)
2026-02-08 13:36:41,977 - DataProviders - INFO - Fetching data for WIPRO.NS from 2016-02-11 using yfinance...
2026-02-08 13:36:42,737 - PredictSector - INFO - WIPRO.NS: NOT GOOD (Conf: 6.50%)
2026-02-08 13:36:42,737 - DataProviders - INFO - Fetching data for TECHM.NS from 2016-02-11 using yfinance...
2026-02-08 13:36:43,742 - PredictSector - INFO - TECHM.NS: NOT GOOD (Conf: 10.50%)
2026-02-08 13:36:43,742 - DataProviders - INFO - Fetching data for LTIM.NS from 2016-02-11 using yfinance...
2026-02-08 13:36:44,660 - PredictSector - INFO - LTIM.NS: NOT GOOD (Conf: 12.50%)
2026-02-08 13:36:44,660 - DataProviders - INFO - Fetching data for COFORGE.NS from 2016-02-11 using yfinance...
2026-02-08 13:36:45,505 - PredictSector - INFO - COFORGE.NS: NOT GOOD (Conf: 12.50%)
2026-02-08 13:36:45,505 - DataProviders - INFO - Fetching data for PERSISTENT.NS from 2016-02-11 using yfinance...
2026-02-08 13:36:46,339 - PredictSector - INFO - PERSISTENT.NS: NOT GOOD (Conf: 12.00%)
2026-02-08 13:36:46,339 - DataProviders - INFO - Fetching data for MPHASIS.NS from 2016-02-11 using yfinance...
2026-02-08 13:36:47,348 - PredictSector - INFO - MPHASIS.NS: NOT GOOD (Conf: 14.00%)
2026-02-08 13:36:47,349 - DataProviders - INFO - Fetching data for OFSS.NS from 2016-02-11 using yfinance...
2026-02-08 13:36:48,929 - PredictSector - INFO - OFSS.NS: NOT GOOD (Conf: 12.50%)
2026-02-08 13:36:48,929 - DataProviders - INFO - Fetching data for LTTS.NS from 2016-02-11 using yfinance...
2026-02-08 13:36:53,003 - PredictSector - INFO - LTTS.NS: NOT GOOD (Conf: 16.00%)
2026-02-08 13:36:53,003 - DataProviders - INFO - Fetching data for TATATECH.NS from 2016-02-11 using yfinance...
2026-02-08 13:36:54,442 - PredictSector - INFO - TATATECH.NS: NOT GOOD (Conf: 11.50%)
2026-02-08 13:36:54,467 - PredictSector - INFO - Results saved to sector_results.csv
2026-02-08 13:36:56,406 - PredictSector - INFO - Plot saved to sector_overview.png
2026-02-08 13:41:52,305 - PredictSector - INFO - Fetching latest data for prediction (Horizon: 20 days)...
2026-02-08 13:41:52,305 - DataProviders - INFO - Fetching data for TCS.NS from 2016-02-11 using yfinance...
2026-02-08 13:41:54,513 - PredictSector - ERROR - Error predicting TCS.NS: float() argument must be a string or a real number, not 'Series'
2026-02-08 13:41:54,513 - DataProviders - INFO - Fetching data for INFY.NS from 2016-02-11 using yfinance...
2026-02-08 13:41:55,322 - PredictSector - ERROR - Error predicting INFY.NS: float() argument must be a string or a real number, not 'Series'
2026-02-08 13:41:55,323 - DataProviders - INFO - Fetching data for HCLTECH.NS from 2016-02-11 using yfinance...
2026-02-08 13:41:56,220 - PredictSector - ERROR - Error predicting HCLTECH.NS: float() argument must be a string or a real number, not 'Series'
2026-02-08 13:41:56,220 - DataProviders - INFO - Fetching data for WIPRO.NS from 2016-02-11 using yfinance...
2026-02-08 13:41:57,099 - PredictSector - ERROR - Error predicting WIPRO.NS: float() argument must be a string or a real number, not 'Series'
2026-02-08 13:41:57,099 - DataProviders - INFO - Fetching data for TECHM.NS from 2016-02-11 using yfinance...
2026-02-08 13:41:58,290 - PredictSector - ERROR - Error predicting TECHM.NS: float() argument must be a string or a real number, not 'Series'
2026-02-08 13:41:58,290 - DataProviders - INFO - Fetching data for LTIM.NS from 2016-02-11 using yfinance...
2026-02-08 13:41:59,198 - PredictSector - ERROR - Error predicting LTIM.NS: float() argument must be a string or a real number, not 'Series'
2026-02-08 13:41:59,198 - DataProviders - INFO - Fetching data for COFORGE.NS from 2016-02-11 using yfinance...
2026-02-08 13:42:00,339 - PredictSector - ERROR - Error predicting COFORGE.NS: float() argument must be a string or a real number, not 'Series'
2026-02-08 13:42:00,339 - DataProviders - INFO - Fetching data for PERSISTENT.NS from 2016-02-11 using yfinance...
2026-02-08 13:42:01,927 - PredictSector - ERROR - Error predicting PERSISTENT.NS: float() argument must be a string or a real number, not 'Series'
2026-02-08 13:42:01,927 - DataProviders - INFO - Fetching data for MPHASIS.NS from 2016-02-11 using yfinance...
2026-02-08 13:42:03,387 - PredictSector - ERROR - Error predicting MPHASIS.NS: float() argument must be a string or a real number, not 'Series'
2026-02-08 13:42:03,387 - DataProviders - INFO - Fetching data for OFSS.NS from 2016-02-11 using yfinance...
2026-02-08 13:42:05,288 - PredictSector - ERROR - Error predicting OFSS.NS: float() argument must be a string or a real number, not 'Series'
2026-02-08 13:42:05,289 - DataProviders - INFO - Fetching data for LTTS.NS from 2016-02-11 using yfinance...
2026-02-08 13:42:07,645 - PredictSector - ERROR - Error predicting LTTS.NS: float() argument must be a string or a real number, not 'Series'
2026-02-08 13:42:07,645 - DataProviders - INFO - Fetching data for TATATECH.NS from 2016-02-11 using yfinance...
2026-02-08 13:42:08,765 - PredictSector - ERROR - Error predicting TATATECH.NS: float() argument must be a string or a real number, not 'Series'
2026-02-08 13:42:29,737 - PredictSector - INFO - Fetching latest data for prediction (Horizon: 20 days)...
2026-02-08 13:42:29,737 - DataProviders - INFO - Fetching data for TCS.NS from 2016-02-11 using yfinance...
2026-02-08 13:42:32,468 - PredictSector - INFO - TCS.NS: NOT GOOD (Conf: 11.00%)
2026-02-08 13:42:32,469 - DataProviders - INFO - Fetching data for INFY.NS from 2016-02-11 using yfinance...
2026-02-08 13:42:33,341 - PredictSector - INFO - INFY.NS: NOT GOOD (Conf: 3.50%)
2026-02-08 13:42:33,342 - DataProviders - INFO - Fetching data for HCLTECH.NS from 2016-02-11 using yfinance...
2026-02-08 13:42:34,360 - PredictSector - INFO - HCLTECH.NS: NOT GOOD (Conf: 14.00%)
2026-02-08 13:42:34,361 - DataProviders - INFO - Fetching data for WIPRO.NS from 2016-02-11 using yfinance...
2026-02-08 13:42:36,584 - PredictSector - INFO - WIPRO.NS: NOT GOOD (Conf: 6.50%)
2026-02-08 13:42:36,584 - DataProviders - INFO - Fetching data for TECHM.NS from 2016-02-11 using yfinance...
2026-02-08 13:42:37,498 - PredictSector - INFO - TECHM.NS: NOT GOOD (Conf: 10.50%)
2026-02-08 13:42:37,498 - DataProviders - INFO - Fetching data for LTIM.NS from 2016-02-11 using yfinance...
2026-02-08 13:42:38,551 - PredictSector - INFO - LTIM.NS: NOT GOOD (Conf: 12.50%)
2026-02-08 13:42:38,551 - DataProviders - INFO - Fetching data for COFORGE.NS from 2016-02-11 using yfinance...
2026-02-08 13:42:39,458 - PredictSector - INFO - COFORGE.NS: NOT GOOD (Conf: 12.50%)
2026-02-08 13:42:39,458 - DataProviders - INFO - Fetching data for PERSISTENT.NS from 2016-02-11 using yfinance...
2026-02-08 13:42:41,238 - PredictSector - INFO - PERSISTENT.NS: NOT GOOD (Conf: 12.00%)
2026-02-08 13:42:41,238 - DataProviders - INFO - Fetching data for MPHASIS.NS from 2016-02-11 using yfinance...
2026-02-08 13:42:42,132 - PredictSector - INFO - MPHASIS.NS: NOT GOOD (Conf: 14.00%)
2026-02-08 13:42:42,132 - DataProviders - INFO - Fetching data for OFSS.NS from 2016-02-11 using yfinance...
2026-02-08 13:42:43,562 - PredictSector - INFO - OFSS.NS: NOT GOOD (Conf: 12.50%)
2026-02-08 13:42:43,563 - DataProviders - INFO - Fetching data for LTTS.NS from 2016-02-11 using yfinance...
2026-02-08 13:42:44,745 - PredictSector - INFO - LTTS.NS: NOT GOOD (Conf: 16.00%)
2026-02-08 13:42:44,745 - DataProviders - INFO - Fetching data for TATATECH.NS from 2016-02-11 using yfinance...
2026-02-08 13:42:45,848 - PredictSector - INFO - TATATECH.NS: NOT GOOD (Conf: 11.50%)
2026-02-08 13:42:45,854 - PredictSector - INFO - Results saved to sector_results.csv
2026-02-08 13:42:46,438 - PredictSector - INFO - Plot saved to sector_overview.png
2026-02-08 21:46:36,329 - API - INFO - Request: GET /api/sector-analysis
2026-02-08 21:46:38,633 - API - INFO - Returning sector analysis for 12 stocks
2026-02-08 21:50:58,223 - PredictSector - INFO - Fetching latest data for prediction (Horizon: 20 days)...
2026-02-08 21:50:58,223 - DataProviders - INFO - Fetching data for TCS.NS from 2016-02-11 using yfinance...
2026-02-08 21:51:02,047 - PredictSector - INFO - TCS.NS: NOT GOOD (Conf: 11.00%)
2026-02-08 21:51:02,048 - DataProviders - INFO - Fetching data for INFY.NS from 2016-02-11 using yfinance...
2026-02-08 21:51:02,964 - PredictSector - INFO - INFY.NS: NOT GOOD (Conf: 3.50%)
2026-02-08 21:51:02,964 - DataProviders - INFO - Fetching data for HCLTECH.NS from 2016-02-11 using yfinance...
2026-02-08 21:51:04,181 - PredictSector - INFO - HCLTECH.NS: NOT GOOD (Conf: 14.00%)
2026-02-08 21:51:04,182 - DataProviders - INFO - Fetching data for WIPRO.NS from 2016-02-11 using yfinance...
2026-02-08 21:51:05,943 - PredictSector - INFO - WIPRO.NS: NOT GOOD (Conf: 6.50%)
2026-02-08 21:51:05,944 - DataProviders - INFO - Fetching data for TECHM.NS from 2016-02-11 using yfinance...
2026-02-08 21:51:07,242 - PredictSector - INFO - TECHM.NS: NOT GOOD (Conf: 10.50%)
2026-02-08 21:51:07,242 - DataProviders - INFO - Fetching data for LTIM.NS from 2016-02-11 using yfinance...
2026-02-08 21:51:07,870 - PredictSector - INFO - LTIM.NS: NOT GOOD (Conf: 12.50%)
2026-02-08 21:51:07,870 - DataProviders - INFO - Fetching data for COFORGE.NS from 2016-02-11 using yfinance...
2026-02-08 21:51:08,653 - PredictSector - INFO - COFORGE.NS: NOT GOOD (Conf: 12.50%)
2026-02-08 21:51:08,653 - DataProviders - INFO - Fetching data for PERSISTENT.NS from 2016-02-11 using yfinance...
2026-02-08 21:51:09,790 - PredictSector - INFO - PERSISTENT.NS: NOT GOOD (Conf: 12.00%)
2026-02-08 21:51:09,790 - DataProviders - INFO - Fetching data for MPHASIS.NS from 2016-02-11 using yfinance...
2026-02-08 21:51:10,509 - PredictSector - INFO - MPHASIS.NS: NOT GOOD (Conf: 14.00%)
2026-02-08 21:51:10,509 - DataProviders - INFO - Fetching data for OFSS.NS from 2016-02-11 using yfinance...
2026-02-08 21:51:11,304 - PredictSector - INFO - OFSS.NS: NOT GOOD (Conf: 12.50%)
2026-02-08 21:51:11,304 - DataProviders - INFO - Fetching data for LTTS.NS from 2016-02-11 using yfinance...
2026-02-08 21:51:15,811 - PredictSector - INFO - LTTS.NS: NOT GOOD (Conf: 16.00%)
2026-02-08 21:51:15,811 - DataProviders - INFO - Fetching data for TATATECH.NS from 2016-02-11 using yfinance...
2026-02-08 21:51:16,326 - PredictSector - INFO - TATATECH.NS: NOT GOOD (Conf: 11.50%)
2026-02-08 21:51:16,337 - PredictSector - INFO - Results saved to sector_results.csv
2026-02-08 21:51:17,689 - PredictSector - INFO - Plot saved to sector_overview.png
2026-02-08 21:54:51,541 - PredictSector - INFO - Fetching latest data for prediction (Horizon: 20 days)...
2026-02-08 21:54:51,542 - DataProviders - INFO - Fetching data for TCS.NS from 2016-02-11 using yfinance...
2026-02-08 21:54:54,538 - PredictSector - INFO - TCS.NS: NOT GOOD (Conf: 11.00%)
2026-02-08 21:54:54,538 - DataProviders - INFO - Fetching data for INFY.NS from 2016-02-11 using yfinance...
2026-02-08 21:54:55,515 - PredictSector - INFO - INFY.NS: NOT GOOD (Conf: 3.50%)
2026-02-08 21:54:55,516 - DataProviders - INFO - Fetching data for HCLTECH.NS from 2016-02-11 using yfinance...
2026-02-08 21:55:00,765 - PredictSector - INFO - HCLTECH.NS: NOT GOOD (Conf: 14.00%)
2026-02-08 21:55:00,766 - DataProviders - INFO - Fetching data for WIPRO.NS from 2016-02-11 using yfinance...
2026-02-08 21:55:01,542 - PredictSector - INFO - WIPRO.NS: NOT GOOD (Conf: 6.50%)
2026-02-08 21:55:01,543 - DataProviders - INFO - Fetching data for TECHM.NS from 2016-02-11 using yfinance...
2026-02-08 21:55:02,325 - PredictSector - INFO - TECHM.NS: NOT GOOD (Conf: 10.50%)
2026-02-08 21:55:02,326 - DataProviders - INFO - Fetching data for LTIM.NS from 2016-02-11 using yfinance...
2026-02-08 21:55:03,078 - PredictSector - INFO - LTIM.NS: NOT GOOD (Conf: 12.50%)
2026-02-08 21:55:03,078 - DataProviders - INFO - Fetching data for COFORGE.NS from 2016-02-11 using yfinance...
2026-02-08 21:55:03,792 - PredictSector - INFO - COFORGE.NS: NOT GOOD (Conf: 12.50%)
2026-02-08 21:55:03,792 - DataProviders - INFO - Fetching data for PERSISTENT.NS from 2016-02-11 using yfinance...
2026-02-08 21:55:04,553 - PredictSector - INFO - PERSISTENT.NS: NOT GOOD (Conf: 12.00%)
2026-02-08 21:55:04,554 - DataProviders - INFO - Fetching data for MPHASIS.NS from 2016-02-11 using yfinance...
2026-02-08 21:55:05,330 - PredictSector - INFO - MPHASIS.NS: NOT GOOD (Conf: 14.00%)
2026-02-08 21:55:05,331 - DataProviders - INFO - Fetching data for OFSS.NS from 2016-02-11 using yfinance...
2026-02-08 21:55:06,124 - PredictSector - INFO - OFSS.NS: NOT GOOD (Conf: 12.50%)
2026-02-08 21:55:06,124 - DataProviders - INFO - Fetching data for LTTS.NS from 2016-02-11 using yfinance...
2026-02-08 21:55:06,796 - PredictSector - INFO - LTTS.NS: NOT GOOD (Conf: 16.00%)
2026-02-08 21:55:06,796 - DataProviders - INFO - Fetching data for TATATECH.NS from 2016-02-11 using yfinance...
2026-02-08 21:55:08,303 - PredictSector - INFO - TATATECH.NS: NOT GOOD (Conf: 11.50%)
2026-02-08 21:55:08,309 - PredictSector - INFO - Results saved to sector_results.csv
2026-02-08 21:55:08,790 - PredictSector - INFO - Plot saved to sector_overview.png
2026-02-08 21:55:43,673 - API - INFO - Request: GET /api/sector-analysis
2026-02-08 21:55:43,683 - API - INFO - Returning sector analysis for 12 stocks
2026-02-08 21:55:43,688 - API - INFO - Request: GET /api/sector-analysis
2026-02-08 21:55:43,693 - API - INFO - Returning sector analysis for 12 stocks
2026-02-08 21:55:43,720 - API - INFO - Request: GET /api/analyze/LTTS.NS
2026-02-08 21:55:43,720 - MainAnalysis - INFO - === AI Technical Analysis for LTTS.NS ===
2026-02-08 21:55:43,721 - MainAnalysis - INFO - Data: 2016-02-11 -> latest | Horizon: 20d | Good if >= 2.0%

2026-02-08 21:55:43,721 - DataProviders - INFO - Fetching data for LTTS.NS from 2016-02-11 using yfinance...
2026-02-08 21:55:49,852 - API - INFO - Successfully analyzed LTTS.NS
2026-02-08 21:56:07,268 - API - INFO - Request: GET /api/analyze/HCLTECH.NS
2026-02-08 21:56:07,273 - MainAnalysis - INFO - === AI Technical Analysis for HCLTECH.NS ===
2026-02-08 21:56:07,285 - MainAnalysis - INFO - Data: 2016-02-11 -> latest | Horizon: 20d | Good if >= 2.0%

2026-02-08 21:56:07,285 - DataProviders - INFO - Fetching data for HCLTECH.NS from 2016-02-11 using yfinance...
2026-02-08 21:56:13,354 - API - INFO - Successfully analyzed HCLTECH.NS
2026-02-08 21:56:25,851 - API - INFO - Request: GET /api/analyze/OFSS.NS
2026-02-08 21:56:25,852 - MainAnalysis - INFO - === AI Technical Analysis for OFSS.NS ===
2026-02-08 21:56:25,853 - MainAnalysis - INFO - Data: 2016-02-11 -> latest | Horizon: 20d | Good if >= 2.0%

2026-02-08 21:56:25,853 - DataProviders - INFO - Fetching data for OFSS.NS from 2016-02-11 using yfinance...
2026-02-08 21:56:31,802 - API - INFO - Successfully analyzed OFSS.NS
2026-02-08 21:56:37,393 - API - INFO - Request: GET /api/sector-analysis
2026-02-08 21:56:37,402 - API - INFO - Returning sector analysis for 12 stocks
2026-02-08 21:56:37,406 - API - INFO - Request: GET /api/sector-analysis
2026-02-08 21:56:37,412 - API - INFO - Returning sector analysis for 12 stocks
